<?xml version="1.0" encoding="UTF-8"?>
<!-- Generated by org.testng.reporters.JUnitXMLReporter -->
<testsuite ignored="0" hostname="Bharath-LT" failures="0" tests="6" name="Test" time="0.099" errors="0" timestamp="2021-08-17T20:02:10 IST">
  <testcase classname="rahulshettyacademy.SeleniumTest" name="BrowserAutomation" time="0.006"/>
  <testcase classname="rahulshettyacademy.SeleniumTest" name="ExecuteUI" time="0.001"/>
  <testcase classname="rahulshettyacademy.RESTAPITest" name="deletTwitter" time="0.0"/>
  <testcase classname="rahulshettyacademy.RESTAPITest" name="postJira" time="0.0"/>
  <testcase classname="rahulshettyacademy.AppiumTest" name="IOSApps" time="0.0"/>
  <testcase classname="rahulshettyacademy.AppiumTest" name="NativeAppAndroid" time="0.01"/>
</testsuite> <!-- Test -->
