<?xml version="1.0" encoding="UTF-8"?>
<testng-results ignored="0" total="6" passed="6" failed="0" skipped="0">
  <reporter-output>
  </reporter-output>
  <suite started-at="2021-08-17T20:02:10 IST" name="Suite" finished-at="2021-08-17T20:02:10 IST" duration-ms="99">
    <groups>
    </groups>
    <test started-at="2021-08-17T20:02:10 IST" name="Test" finished-at="2021-08-17T20:02:10 IST" duration-ms="99">
      <class name="rahulshettyacademy.RESTAPITest">
        <test-method signature="deletTwitter()[pri:0, instance:rahulshettyacademy.RESTAPITest@4fe767f3]" started-at="2021-08-17T20:02:10 IST" name="deletTwitter" finished-at="2021-08-17T20:02:10 IST" duration-ms="0" status="PASS">
          <reporter-output>
          </reporter-output>
        </test-method> <!-- deletTwitter -->
        <test-method signature="postJira()[pri:0, instance:rahulshettyacademy.RESTAPITest@4fe767f3]" started-at="2021-08-17T20:02:10 IST" name="postJira" finished-at="2021-08-17T20:02:10 IST" duration-ms="0" status="PASS">
          <reporter-output>
          </reporter-output>
        </test-method> <!-- postJira -->
      </class> <!-- rahulshettyacademy.RESTAPITest -->
      <class name="rahulshettyacademy.SeleniumTest">
        <test-method signature="BrowserAutomation()[pri:0, instance:rahulshettyacademy.SeleniumTest@13c10b87]" started-at="2021-08-17T20:02:10 IST" name="BrowserAutomation" finished-at="2021-08-17T20:02:10 IST" duration-ms="6" status="PASS">
          <reporter-output>
          </reporter-output>
        </test-method> <!-- BrowserAutomation -->
        <test-method signature="ExecuteUI()[pri:0, instance:rahulshettyacademy.SeleniumTest@13c10b87]" started-at="2021-08-17T20:02:10 IST" name="ExecuteUI" finished-at="2021-08-17T20:02:10 IST" duration-ms="1" status="PASS">
          <reporter-output>
          </reporter-output>
        </test-method> <!-- ExecuteUI -->
      </class> <!-- rahulshettyacademy.SeleniumTest -->
      <class name="rahulshettyacademy.AppiumTest">
        <test-method signature="IOSApps()[pri:0, instance:rahulshettyacademy.AppiumTest@2805c96b]" started-at="2021-08-17T20:02:10 IST" name="IOSApps" finished-at="2021-08-17T20:02:10 IST" duration-ms="0" status="PASS">
          <reporter-output>
          </reporter-output>
        </test-method> <!-- IOSApps -->
        <test-method signature="NativeAppAndroid()[pri:0, instance:rahulshettyacademy.AppiumTest@2805c96b]" started-at="2021-08-17T20:02:10 IST" name="NativeAppAndroid" finished-at="2021-08-17T20:02:10 IST" duration-ms="10" status="PASS">
          <reporter-output>
          </reporter-output>
        </test-method> <!-- NativeAppAndroid -->
      </class> <!-- rahulshettyacademy.AppiumTest -->
    </test> <!-- Test -->
  </suite> <!-- Suite -->
</testng-results>
